2025-12-15T02:51:46 | touched: LICENSE
2025-07-29T23:57:24 | touched: LICENSE
2025-02-21T12:03:52 | touched: Cargo.toml
2025-08-31T09:36:58 | touched: README.md
2025-11-02T05:12:51 | touched: Cargo.toml
2025-08-16T01:05:55 | touched: Cargo.toml
2025-07-08T04:42:42 | touched: README.md
2025-03-23T20:29:06 | touched: src/main.rs
2025-08-22T16:52:58 | touched: README.md
2025-02-07T03:21:51 | touched: README.md
2025-11-08T04:08:32 | touched: LICENSE
2025-11-26T01:01:53 | touched: src/lib.rs
2025-06-17T12:10:28 | touched: README.md
2025-03-28T12:06:30 | touched: LICENSE
2025-06-28T15:19:15 | touched: LICENSE
2025-07-23T09:18:49 | touched: src/main.rs
2025-01-17T20:10:58 | touched: src/main.rs
2025-07-18T19:39:39 | touched: src/lib.rs
2025-11-03T18:47:13 | touched: LICENSE
2025-12-07T06:55:11 | touched: src/main.rs
2025-11-14T07:37:25 | touched: src/main.rs
2025-02-23T01:01:45 | touched: Cargo.toml
2025-10-26T23:17:53 | touched: src/main.rs
2025-04-30T01:43:01 | touched: LICENSE
2025-06-11T13:44:54 | touched: README.md
2025-01-02T18:50:05 | touched: README.md
2025-08-30T22:08:02 | touched: Cargo.toml
2025-05-11T15:16:21 | touched: src/main.rs
2025-04-11T03:56:27 | touched: README.md
2025-07-23T14:24:12 | touched: LICENSE
2025-03-11T10:53:50 | touched: Cargo.toml
2025-10-26T19:49:33 | touched: src/lib.rs
2025-03-09T04:38:59 | touched: Cargo.toml
2025-06-22T10:46:37 | touched: LICENSE
2025-11-30T10:49:04 | touched: src/main.rs
2025-11-22T03:05:55 | touched: src/lib.rs
2025-01-21T07:17:36 | touched: Cargo.toml
2025-06-06T20:31:12 | touched: src/lib.rs
2025-04-19T19:17:12 | touched: README.md
2025-12-05T11:27:39 | touched: Cargo.toml
2025-09-11T03:22:50 | touched: README.md
2025-12-04T06:44:15 | touched: README.md
2025-04-02T13:44:52 | touched: LICENSE
2025-03-11T13:49:58 | touched: LICENSE
2025-03-29T08:12:16 | touched: README.md
2025-10-19T18:16:24 | touched: src/main.rs
2026-01-11T07:40:33 | touched: LICENSE
2026-01-15T17:23:49 | touched: src/lib.rs
2026-01-12T22:22:55 | touched: Cargo.toml
2026-01-18T15:32:42 | touched: LICENSE
2025-10-21T00:33:44 | touched: src/lib.rs
2026-01-17T11:31:21 | touched: Cargo.toml
2026-01-18T12:03:35 | touched: Cargo.toml
2026-01-10T22:17:14 | touched: src/lib.rs
2025-10-11T16:14:57 | touched: LICENSE
2025-10-23T17:18:17 | touched: Cargo.toml
2026-01-17T14:15:44 | touched: Cargo.toml
2025-07-06T08:28:09 | touched: src/main.rs
2025-02-19T19:42:35 | touched: LICENSE
